15:34:37 INFO  : Registering command handlers for SDK TCF services
15:34:38 INFO  : Launching XSCT server: xsct.bat -interactive C:\Users\Lab214\Desktop\conv64_64_repeatMK2\project_1\project_1.sdk\temp_xsdb_launch_script.tcl
15:34:40 INFO  : XSCT server has started successfully.
15:34:40 INFO  : Successfully done setting XSCT server connection channel  
15:34:40 INFO  : Successfully done setting SDK workspace  
15:34:40 INFO  : Processing command line option -hwspec C:/Users/Lab214/Desktop/conv64_64_repeatMK2/project_1/project_1.sdk/design_1_wrapper.hdf.
15:38:25 INFO  : Connected to target on host '127.0.0.1' and port '3121'.
15:38:26 INFO  : 'targets -set -filter {jtag_cable_name =~ "Digilent JTAG-HS2 210249854606A" && level==0} -index 1' command is executed.
15:38:29 INFO  : FPGA configured successfully with bitstream "C:/Users/Lab214/Desktop/conv64_64_repeatMK2/project_1/project_1.sdk/design_1_wrapper_hw_platform_0/design_1_wrapper.bit"
15:38:47 INFO  : 'targets -set -filter {jtag_cable_name =~ "Digilent JTAG-HS2 210249854606A" && level==0} -index 1' command is executed.
15:38:47 INFO  : 'fpga -state' command is executed.
15:38:47 INFO  : Connected to target on host '127.0.0.1' and port '3121'.
15:38:47 INFO  : Jtag cable 'Digilent JTAG-HS2 210249854606A' is selected.
15:38:47 INFO  : 'jtag frequency' command is executed.
15:38:47 INFO  : Sourcing of 'C:/Users/Lab214/Desktop/conv64_64_repeatMK2/project_1/project_1.sdk/design_1_wrapper_hw_platform_0/ps7_init.tcl' is done.
15:38:47 INFO  : Context for 'APU' is selected.
15:38:47 INFO  : Hardware design information is loaded from 'C:/Users/Lab214/Desktop/conv64_64_repeatMK2/project_1/project_1.sdk/design_1_wrapper_hw_platform_0/system.hdf'.
15:38:47 INFO  : 'configparams force-mem-access 1' command is executed.
15:38:47 INFO  : Context for 'APU' is selected.
15:38:48 INFO  : 'stop' command is executed.
15:38:48 INFO  : 'ps7_init' command is executed.
15:38:48 INFO  : 'ps7_post_config' command is executed.
15:38:48 INFO  : Context for processor 'ps7_cortexa9_0' is selected.
15:38:48 INFO  : Processor reset is completed for 'ps7_cortexa9_0'.
15:38:48 INFO  : Context for processor 'ps7_cortexa9_0' is selected.
15:38:48 INFO  : The application 'C:/Users/Lab214/Desktop/conv64_64_repeatMK2/project_1/project_1.sdk/20251212/Debug/20251212.elf' is downloaded to processor 'ps7_cortexa9_0'.
15:38:48 INFO  : 'configparams force-mem-access 0' command is executed.
15:38:48 INFO  : ----------------XSDB Script----------------
connect -url tcp:127.0.0.1:3121
source C:/Users/Lab214/Desktop/conv64_64_repeatMK2/project_1/project_1.sdk/design_1_wrapper_hw_platform_0/ps7_init.tcl
targets -set -nocase -filter {name =~"APU*" && jtag_cable_name =~ "Digilent JTAG-HS2 210249854606A"} -index 0
loadhw -hw C:/Users/Lab214/Desktop/conv64_64_repeatMK2/project_1/project_1.sdk/design_1_wrapper_hw_platform_0/system.hdf -mem-ranges [list {0x40000000 0xbfffffff}]
configparams force-mem-access 1
targets -set -nocase -filter {name =~"APU*" && jtag_cable_name =~ "Digilent JTAG-HS2 210249854606A"} -index 0
stop
ps7_init
ps7_post_config
targets -set -nocase -filter {name =~ "ARM*#0" && jtag_cable_name =~ "Digilent JTAG-HS2 210249854606A"} -index 0
rst -processor
targets -set -nocase -filter {name =~ "ARM*#0" && jtag_cable_name =~ "Digilent JTAG-HS2 210249854606A"} -index 0
dow C:/Users/Lab214/Desktop/conv64_64_repeatMK2/project_1/project_1.sdk/20251212/Debug/20251212.elf
configparams force-mem-access 0
----------------End of Script----------------

15:38:48 INFO  : Context for processor 'ps7_cortexa9_0' is selected.
15:38:48 INFO  : 'con' command is executed.
15:38:48 INFO  : ----------------XSDB Script (After Launch)----------------
targets -set -nocase -filter {name =~ "ARM*#0" && jtag_cable_name =~ "Digilent JTAG-HS2 210249854606A"} -index 0
con
----------------End of Script----------------

15:38:48 INFO  : Disconnected from the channel tcfchan#1.
15:39:25 INFO  : Connected to target on host '127.0.0.1' and port '3121'.
15:39:25 INFO  : 'targets -set -filter {jtag_cable_name =~ "Digilent JTAG-HS2 210249854606A" && level==0} -index 1' command is executed.
15:39:29 INFO  : FPGA configured successfully with bitstream "C:/Users/Lab214/Desktop/conv64_64_repeatMK2/project_1/project_1.sdk/design_1_wrapper_hw_platform_0/design_1_wrapper.bit"
15:39:34 INFO  : 'targets -set -filter {jtag_cable_name =~ "Digilent JTAG-HS2 210249854606A" && level==0} -index 1' command is executed.
15:39:34 INFO  : 'fpga -state' command is executed.
15:39:34 INFO  : Connected to target on host '127.0.0.1' and port '3121'.
15:39:35 INFO  : Jtag cable 'Digilent JTAG-HS2 210249854606A' is selected.
15:39:35 INFO  : 'jtag frequency' command is executed.
15:39:35 INFO  : Sourcing of 'C:/Users/Lab214/Desktop/conv64_64_repeatMK2/project_1/project_1.sdk/design_1_wrapper_hw_platform_0/ps7_init.tcl' is done.
15:39:35 INFO  : Context for 'APU' is selected.
15:39:35 INFO  : Hardware design information is loaded from 'C:/Users/Lab214/Desktop/conv64_64_repeatMK2/project_1/project_1.sdk/design_1_wrapper_hw_platform_0/system.hdf'.
15:39:35 INFO  : 'configparams force-mem-access 1' command is executed.
15:39:35 INFO  : Context for 'APU' is selected.
15:39:35 INFO  : 'stop' command is executed.
15:39:35 INFO  : 'ps7_init' command is executed.
15:39:35 INFO  : 'ps7_post_config' command is executed.
15:39:35 INFO  : Context for processor 'ps7_cortexa9_0' is selected.
15:39:35 INFO  : Processor reset is completed for 'ps7_cortexa9_0'.
15:39:35 INFO  : Context for processor 'ps7_cortexa9_0' is selected.
15:39:36 INFO  : The application 'C:/Users/Lab214/Desktop/conv64_64_repeatMK2/project_1/project_1.sdk/20251212/Debug/20251212.elf' is downloaded to processor 'ps7_cortexa9_0'.
15:39:36 INFO  : 'configparams force-mem-access 0' command is executed.
15:39:36 INFO  : ----------------XSDB Script----------------
connect -url tcp:127.0.0.1:3121
source C:/Users/Lab214/Desktop/conv64_64_repeatMK2/project_1/project_1.sdk/design_1_wrapper_hw_platform_0/ps7_init.tcl
targets -set -nocase -filter {name =~"APU*" && jtag_cable_name =~ "Digilent JTAG-HS2 210249854606A"} -index 0
loadhw -hw C:/Users/Lab214/Desktop/conv64_64_repeatMK2/project_1/project_1.sdk/design_1_wrapper_hw_platform_0/system.hdf -mem-ranges [list {0x40000000 0xbfffffff}]
configparams force-mem-access 1
targets -set -nocase -filter {name =~"APU*" && jtag_cable_name =~ "Digilent JTAG-HS2 210249854606A"} -index 0
stop
ps7_init
ps7_post_config
targets -set -nocase -filter {name =~ "ARM*#0" && jtag_cable_name =~ "Digilent JTAG-HS2 210249854606A"} -index 0
rst -processor
targets -set -nocase -filter {name =~ "ARM*#0" && jtag_cable_name =~ "Digilent JTAG-HS2 210249854606A"} -index 0
dow C:/Users/Lab214/Desktop/conv64_64_repeatMK2/project_1/project_1.sdk/20251212/Debug/20251212.elf
configparams force-mem-access 0
----------------End of Script----------------

15:39:36 INFO  : Context for processor 'ps7_cortexa9_0' is selected.
15:39:36 INFO  : 'con' command is executed.
15:39:36 INFO  : ----------------XSDB Script (After Launch)----------------
targets -set -nocase -filter {name =~ "ARM*#0" && jtag_cable_name =~ "Digilent JTAG-HS2 210249854606A"} -index 0
con
----------------End of Script----------------

15:39:36 INFO  : Disconnected from the channel tcfchan#2.
15:40:54 INFO  : Connected to target on host '127.0.0.1' and port '3121'.
15:40:54 INFO  : 'targets -set -filter {jtag_cable_name =~ "Digilent JTAG-HS2 210249854606A" && level==0} -index 1' command is executed.
15:40:57 INFO  : FPGA configured successfully with bitstream "C:/Users/Lab214/Desktop/conv64_64_repeatMK2/project_1/project_1.sdk/design_1_wrapper_hw_platform_0/design_1_wrapper.bit"
15:41:04 INFO  : 'targets -set -filter {jtag_cable_name =~ "Digilent JTAG-HS2 210249854606A" && level==0} -index 1' command is executed.
15:41:04 INFO  : 'fpga -state' command is executed.
15:41:04 INFO  : Connected to target on host '127.0.0.1' and port '3121'.
15:41:05 INFO  : Jtag cable 'Digilent JTAG-HS2 210249854606A' is selected.
15:41:05 INFO  : 'jtag frequency' command is executed.
15:41:05 INFO  : Sourcing of 'C:/Users/Lab214/Desktop/conv64_64_repeatMK2/project_1/project_1.sdk/design_1_wrapper_hw_platform_0/ps7_init.tcl' is done.
15:41:05 INFO  : Context for 'APU' is selected.
15:41:05 INFO  : Hardware design information is loaded from 'C:/Users/Lab214/Desktop/conv64_64_repeatMK2/project_1/project_1.sdk/design_1_wrapper_hw_platform_0/system.hdf'.
15:41:05 INFO  : 'configparams force-mem-access 1' command is executed.
15:41:05 INFO  : Context for 'APU' is selected.
15:41:05 INFO  : 'stop' command is executed.
15:41:05 INFO  : 'ps7_init' command is executed.
15:41:05 INFO  : 'ps7_post_config' command is executed.
15:41:05 INFO  : Context for processor 'ps7_cortexa9_0' is selected.
15:41:05 INFO  : Processor reset is completed for 'ps7_cortexa9_0'.
15:41:05 INFO  : Context for processor 'ps7_cortexa9_0' is selected.
15:41:06 INFO  : The application 'C:/Users/Lab214/Desktop/conv64_64_repeatMK2/project_1/project_1.sdk/20251212/Debug/20251212.elf' is downloaded to processor 'ps7_cortexa9_0'.
15:41:06 INFO  : 'configparams force-mem-access 0' command is executed.
15:41:06 INFO  : ----------------XSDB Script----------------
connect -url tcp:127.0.0.1:3121
source C:/Users/Lab214/Desktop/conv64_64_repeatMK2/project_1/project_1.sdk/design_1_wrapper_hw_platform_0/ps7_init.tcl
targets -set -nocase -filter {name =~"APU*" && jtag_cable_name =~ "Digilent JTAG-HS2 210249854606A"} -index 0
loadhw -hw C:/Users/Lab214/Desktop/conv64_64_repeatMK2/project_1/project_1.sdk/design_1_wrapper_hw_platform_0/system.hdf -mem-ranges [list {0x40000000 0xbfffffff}]
configparams force-mem-access 1
targets -set -nocase -filter {name =~"APU*" && jtag_cable_name =~ "Digilent JTAG-HS2 210249854606A"} -index 0
stop
ps7_init
ps7_post_config
targets -set -nocase -filter {name =~ "ARM*#0" && jtag_cable_name =~ "Digilent JTAG-HS2 210249854606A"} -index 0
rst -processor
targets -set -nocase -filter {name =~ "ARM*#0" && jtag_cable_name =~ "Digilent JTAG-HS2 210249854606A"} -index 0
dow C:/Users/Lab214/Desktop/conv64_64_repeatMK2/project_1/project_1.sdk/20251212/Debug/20251212.elf
configparams force-mem-access 0
----------------End of Script----------------

15:41:06 INFO  : Context for processor 'ps7_cortexa9_0' is selected.
15:41:06 INFO  : 'con' command is executed.
15:41:06 INFO  : ----------------XSDB Script (After Launch)----------------
targets -set -nocase -filter {name =~ "ARM*#0" && jtag_cable_name =~ "Digilent JTAG-HS2 210249854606A"} -index 0
con
----------------End of Script----------------

15:41:06 INFO  : Disconnected from the channel tcfchan#3.
15:36:50 INFO  : Registering command handlers for SDK TCF services
15:36:51 INFO  : Launching XSCT server: xsct.bat -interactive C:\Users\Lab214\Desktop\conv64_64_repeatMK2\project_1\project_1.sdk\temp_xsdb_launch_script.tcl
15:36:55 INFO  : XSCT server has started successfully.
15:36:55 INFO  : Successfully done setting XSCT server connection channel  
15:37:01 INFO  : Successfully done setting SDK workspace  
15:37:01 INFO  : Processing command line option -hwspec C:/Users/Lab214/Desktop/conv64_64_repeatMK2/project_1/project_1.sdk/design_1_wrapper.hdf.
15:37:01 INFO  : Checking for hwspec changes in the project design_1_wrapper_hw_platform_0.
15:41:28 INFO  : Connected to target on host '127.0.0.1' and port '3121'.
15:41:28 INFO  : 'targets -set -filter {jtag_cable_name =~ "Digilent JTAG-HS2 210249854606A" && level==0} -index 1' command is executed.
15:41:31 INFO  : FPGA configured successfully with bitstream "C:/Users/Lab214/Desktop/conv64_64_repeatMK2/project_1/project_1.sdk/design_1_wrapper_hw_platform_0/design_1_wrapper.bit"
15:41:39 INFO  : 'targets -set -filter {jtag_cable_name =~ "Digilent JTAG-HS2 210249854606A" && level==0} -index 1' command is executed.
15:41:39 INFO  : 'fpga -state' command is executed.
15:41:39 INFO  : Connected to target on host '127.0.0.1' and port '3121'.
15:41:40 INFO  : Jtag cable 'Digilent JTAG-HS2 210249854606A' is selected.
15:41:40 INFO  : 'jtag frequency' command is executed.
15:41:40 INFO  : Sourcing of 'C:/Users/Lab214/Desktop/conv64_64_repeatMK2/project_1/project_1.sdk/design_1_wrapper_hw_platform_0/ps7_init.tcl' is done.
15:41:40 INFO  : Context for 'APU' is selected.
15:41:40 INFO  : Hardware design information is loaded from 'C:/Users/Lab214/Desktop/conv64_64_repeatMK2/project_1/project_1.sdk/design_1_wrapper_hw_platform_0/system.hdf'.
15:41:40 INFO  : 'configparams force-mem-access 1' command is executed.
15:41:40 INFO  : Context for 'APU' is selected.
15:41:40 INFO  : 'stop' command is executed.
15:41:40 INFO  : 'ps7_init' command is executed.
15:41:40 INFO  : 'ps7_post_config' command is executed.
15:41:40 INFO  : Context for processor 'ps7_cortexa9_0' is selected.
15:41:40 INFO  : Processor reset is completed for 'ps7_cortexa9_0'.
15:41:40 INFO  : Context for processor 'ps7_cortexa9_0' is selected.
15:41:41 INFO  : The application 'C:/Users/Lab214/Desktop/conv64_64_repeatMK2/project_1/project_1.sdk/20251212/Debug/20251212.elf' is downloaded to processor 'ps7_cortexa9_0'.
15:41:41 INFO  : 'configparams force-mem-access 0' command is executed.
15:41:41 INFO  : ----------------XSDB Script----------------
connect -url tcp:127.0.0.1:3121
source C:/Users/Lab214/Desktop/conv64_64_repeatMK2/project_1/project_1.sdk/design_1_wrapper_hw_platform_0/ps7_init.tcl
targets -set -nocase -filter {name =~"APU*" && jtag_cable_name =~ "Digilent JTAG-HS2 210249854606A"} -index 0
loadhw -hw C:/Users/Lab214/Desktop/conv64_64_repeatMK2/project_1/project_1.sdk/design_1_wrapper_hw_platform_0/system.hdf -mem-ranges [list {0x40000000 0xbfffffff}]
configparams force-mem-access 1
targets -set -nocase -filter {name =~"APU*" && jtag_cable_name =~ "Digilent JTAG-HS2 210249854606A"} -index 0
stop
ps7_init
ps7_post_config
targets -set -nocase -filter {name =~ "ARM*#0" && jtag_cable_name =~ "Digilent JTAG-HS2 210249854606A"} -index 0
rst -processor
targets -set -nocase -filter {name =~ "ARM*#0" && jtag_cable_name =~ "Digilent JTAG-HS2 210249854606A"} -index 0
dow C:/Users/Lab214/Desktop/conv64_64_repeatMK2/project_1/project_1.sdk/20251212/Debug/20251212.elf
configparams force-mem-access 0
----------------End of Script----------------

15:41:41 INFO  : Context for processor 'ps7_cortexa9_0' is selected.
15:41:41 INFO  : 'con' command is executed.
15:41:41 INFO  : ----------------XSDB Script (After Launch)----------------
targets -set -nocase -filter {name =~ "ARM*#0" && jtag_cable_name =~ "Digilent JTAG-HS2 210249854606A"} -index 0
con
----------------End of Script----------------

15:41:41 INFO  : Disconnected from the channel tcfchan#1.
15:42:27 INFO  : Connected to target on host '127.0.0.1' and port '3121'.
15:42:27 INFO  : 'targets -set -filter {jtag_cable_name =~ "Digilent JTAG-HS2 210249854606A" && level==0} -index 1' command is executed.
15:42:31 INFO  : FPGA configured successfully with bitstream "C:/Users/Lab214/Desktop/conv64_64_repeatMK2/project_1/project_1.sdk/design_1_wrapper_hw_platform_0/design_1_wrapper.bit"
15:42:50 INFO  : 'targets -set -filter {jtag_cable_name =~ "Digilent JTAG-HS2 210249854606A" && level==0} -index 1' command is executed.
15:42:50 INFO  : 'fpga -state' command is executed.
15:42:50 INFO  : Connected to target on host '127.0.0.1' and port '3121'.
15:42:50 INFO  : Jtag cable 'Digilent JTAG-HS2 210249854606A' is selected.
15:42:50 INFO  : 'jtag frequency' command is executed.
15:42:50 INFO  : Sourcing of 'C:/Users/Lab214/Desktop/conv64_64_repeatMK2/project_1/project_1.sdk/design_1_wrapper_hw_platform_0/ps7_init.tcl' is done.
15:42:50 INFO  : Context for 'APU' is selected.
15:42:50 INFO  : Hardware design information is loaded from 'C:/Users/Lab214/Desktop/conv64_64_repeatMK2/project_1/project_1.sdk/design_1_wrapper_hw_platform_0/system.hdf'.
15:42:50 INFO  : 'configparams force-mem-access 1' command is executed.
15:42:50 INFO  : Context for 'APU' is selected.
15:42:50 INFO  : 'stop' command is executed.
15:42:50 INFO  : 'ps7_init' command is executed.
15:42:50 INFO  : 'ps7_post_config' command is executed.
15:42:50 INFO  : Context for processor 'ps7_cortexa9_0' is selected.
15:42:51 INFO  : Processor reset is completed for 'ps7_cortexa9_0'.
15:42:51 INFO  : Context for processor 'ps7_cortexa9_0' is selected.
15:42:51 INFO  : The application 'C:/Users/Lab214/Desktop/conv64_64_repeatMK2/project_1/project_1.sdk/20251212/Debug/20251212.elf' is downloaded to processor 'ps7_cortexa9_0'.
15:42:51 INFO  : 'configparams force-mem-access 0' command is executed.
15:42:51 INFO  : ----------------XSDB Script----------------
connect -url tcp:127.0.0.1:3121
source C:/Users/Lab214/Desktop/conv64_64_repeatMK2/project_1/project_1.sdk/design_1_wrapper_hw_platform_0/ps7_init.tcl
targets -set -nocase -filter {name =~"APU*" && jtag_cable_name =~ "Digilent JTAG-HS2 210249854606A"} -index 0
loadhw -hw C:/Users/Lab214/Desktop/conv64_64_repeatMK2/project_1/project_1.sdk/design_1_wrapper_hw_platform_0/system.hdf -mem-ranges [list {0x40000000 0xbfffffff}]
configparams force-mem-access 1
targets -set -nocase -filter {name =~"APU*" && jtag_cable_name =~ "Digilent JTAG-HS2 210249854606A"} -index 0
stop
ps7_init
ps7_post_config
targets -set -nocase -filter {name =~ "ARM*#0" && jtag_cable_name =~ "Digilent JTAG-HS2 210249854606A"} -index 0
rst -processor
targets -set -nocase -filter {name =~ "ARM*#0" && jtag_cable_name =~ "Digilent JTAG-HS2 210249854606A"} -index 0
dow C:/Users/Lab214/Desktop/conv64_64_repeatMK2/project_1/project_1.sdk/20251212/Debug/20251212.elf
configparams force-mem-access 0
----------------End of Script----------------

15:42:51 INFO  : Context for processor 'ps7_cortexa9_0' is selected.
15:42:51 INFO  : 'con' command is executed.
15:42:51 INFO  : ----------------XSDB Script (After Launch)----------------
targets -set -nocase -filter {name =~ "ARM*#0" && jtag_cable_name =~ "Digilent JTAG-HS2 210249854606A"} -index 0
con
----------------End of Script----------------

15:42:51 INFO  : Disconnected from the channel tcfchan#2.
16:01:52 INFO  : Connected to target on host '127.0.0.1' and port '3121'.
16:01:53 INFO  : 'targets -set -filter {jtag_cable_name =~ "Digilent JTAG-HS2 210249854606A" && level==0} -index 1' command is executed.
16:01:56 INFO  : FPGA configured successfully with bitstream "C:/Users/Lab214/Desktop/conv64_64_repeatMK2/project_1/project_1.sdk/design_1_wrapper_hw_platform_0/design_1_wrapper.bit"
16:02:02 INFO  : 'targets -set -filter {jtag_cable_name =~ "Digilent JTAG-HS2 210249854606A" && level==0} -index 1' command is executed.
16:02:02 INFO  : 'fpga -state' command is executed.
16:02:02 INFO  : Connected to target on host '127.0.0.1' and port '3121'.
16:02:02 INFO  : Jtag cable 'Digilent JTAG-HS2 210249854606A' is selected.
16:02:02 INFO  : 'jtag frequency' command is executed.
16:02:02 INFO  : Sourcing of 'C:/Users/Lab214/Desktop/conv64_64_repeatMK2/project_1/project_1.sdk/design_1_wrapper_hw_platform_0/ps7_init.tcl' is done.
16:02:02 INFO  : Context for 'APU' is selected.
16:02:03 INFO  : Hardware design information is loaded from 'C:/Users/Lab214/Desktop/conv64_64_repeatMK2/project_1/project_1.sdk/design_1_wrapper_hw_platform_0/system.hdf'.
16:02:03 INFO  : 'configparams force-mem-access 1' command is executed.
16:02:03 INFO  : Context for 'APU' is selected.
16:02:03 INFO  : 'stop' command is executed.
16:02:03 INFO  : 'ps7_init' command is executed.
16:02:03 INFO  : 'ps7_post_config' command is executed.
16:02:03 INFO  : Context for processor 'ps7_cortexa9_0' is selected.
16:02:03 INFO  : Processor reset is completed for 'ps7_cortexa9_0'.
16:02:03 INFO  : Context for processor 'ps7_cortexa9_0' is selected.
16:02:03 INFO  : The application 'C:/Users/Lab214/Desktop/conv64_64_repeatMK2/project_1/project_1.sdk/20251212/Debug/20251212.elf' is downloaded to processor 'ps7_cortexa9_0'.
16:02:03 INFO  : 'configparams force-mem-access 0' command is executed.
16:02:03 INFO  : ----------------XSDB Script----------------
connect -url tcp:127.0.0.1:3121
source C:/Users/Lab214/Desktop/conv64_64_repeatMK2/project_1/project_1.sdk/design_1_wrapper_hw_platform_0/ps7_init.tcl
targets -set -nocase -filter {name =~"APU*" && jtag_cable_name =~ "Digilent JTAG-HS2 210249854606A"} -index 0
loadhw -hw C:/Users/Lab214/Desktop/conv64_64_repeatMK2/project_1/project_1.sdk/design_1_wrapper_hw_platform_0/system.hdf -mem-ranges [list {0x40000000 0xbfffffff}]
configparams force-mem-access 1
targets -set -nocase -filter {name =~"APU*" && jtag_cable_name =~ "Digilent JTAG-HS2 210249854606A"} -index 0
stop
ps7_init
ps7_post_config
targets -set -nocase -filter {name =~ "ARM*#0" && jtag_cable_name =~ "Digilent JTAG-HS2 210249854606A"} -index 0
rst -processor
targets -set -nocase -filter {name =~ "ARM*#0" && jtag_cable_name =~ "Digilent JTAG-HS2 210249854606A"} -index 0
dow C:/Users/Lab214/Desktop/conv64_64_repeatMK2/project_1/project_1.sdk/20251212/Debug/20251212.elf
configparams force-mem-access 0
----------------End of Script----------------

16:02:04 INFO  : Context for processor 'ps7_cortexa9_0' is selected.
16:02:04 INFO  : 'con' command is executed.
16:02:04 INFO  : ----------------XSDB Script (After Launch)----------------
targets -set -nocase -filter {name =~ "ARM*#0" && jtag_cable_name =~ "Digilent JTAG-HS2 210249854606A"} -index 0
con
----------------End of Script----------------

16:02:04 INFO  : Disconnected from the channel tcfchan#3.
16:02:33 INFO  : Connected to target on host '127.0.0.1' and port '3121'.
16:02:34 INFO  : 'targets -set -filter {jtag_cable_name =~ "Digilent JTAG-HS2 210249854606A" && level==0} -index 1' command is executed.
16:02:37 INFO  : FPGA configured successfully with bitstream "C:/Users/Lab214/Desktop/conv64_64_repeatMK2/project_1/project_1.sdk/design_1_wrapper_hw_platform_0/design_1_wrapper.bit"
16:02:42 INFO  : 'targets -set -filter {jtag_cable_name =~ "Digilent JTAG-HS2 210249854606A" && level==0} -index 1' command is executed.
16:02:42 INFO  : 'fpga -state' command is executed.
16:02:42 INFO  : Connected to target on host '127.0.0.1' and port '3121'.
16:02:42 INFO  : Jtag cable 'Digilent JTAG-HS2 210249854606A' is selected.
16:02:42 INFO  : 'jtag frequency' command is executed.
16:02:42 INFO  : Sourcing of 'C:/Users/Lab214/Desktop/conv64_64_repeatMK2/project_1/project_1.sdk/design_1_wrapper_hw_platform_0/ps7_init.tcl' is done.
16:02:42 INFO  : Context for 'APU' is selected.
16:02:42 INFO  : Hardware design information is loaded from 'C:/Users/Lab214/Desktop/conv64_64_repeatMK2/project_1/project_1.sdk/design_1_wrapper_hw_platform_0/system.hdf'.
16:02:42 INFO  : 'configparams force-mem-access 1' command is executed.
16:02:42 INFO  : Context for 'APU' is selected.
16:02:42 INFO  : 'stop' command is executed.
16:02:42 INFO  : 'ps7_init' command is executed.
16:02:42 INFO  : 'ps7_post_config' command is executed.
16:02:42 INFO  : Context for processor 'ps7_cortexa9_0' is selected.
16:02:42 INFO  : Processor reset is completed for 'ps7_cortexa9_0'.
16:02:42 INFO  : Context for processor 'ps7_cortexa9_0' is selected.
16:02:43 INFO  : The application 'C:/Users/Lab214/Desktop/conv64_64_repeatMK2/project_1/project_1.sdk/20251212/Debug/20251212.elf' is downloaded to processor 'ps7_cortexa9_0'.
16:02:43 INFO  : 'configparams force-mem-access 0' command is executed.
16:02:43 INFO  : ----------------XSDB Script----------------
connect -url tcp:127.0.0.1:3121
source C:/Users/Lab214/Desktop/conv64_64_repeatMK2/project_1/project_1.sdk/design_1_wrapper_hw_platform_0/ps7_init.tcl
targets -set -nocase -filter {name =~"APU*" && jtag_cable_name =~ "Digilent JTAG-HS2 210249854606A"} -index 0
loadhw -hw C:/Users/Lab214/Desktop/conv64_64_repeatMK2/project_1/project_1.sdk/design_1_wrapper_hw_platform_0/system.hdf -mem-ranges [list {0x40000000 0xbfffffff}]
configparams force-mem-access 1
targets -set -nocase -filter {name =~"APU*" && jtag_cable_name =~ "Digilent JTAG-HS2 210249854606A"} -index 0
stop
ps7_init
ps7_post_config
targets -set -nocase -filter {name =~ "ARM*#0" && jtag_cable_name =~ "Digilent JTAG-HS2 210249854606A"} -index 0
rst -processor
targets -set -nocase -filter {name =~ "ARM*#0" && jtag_cable_name =~ "Digilent JTAG-HS2 210249854606A"} -index 0
dow C:/Users/Lab214/Desktop/conv64_64_repeatMK2/project_1/project_1.sdk/20251212/Debug/20251212.elf
configparams force-mem-access 0
----------------End of Script----------------

16:02:43 INFO  : Context for processor 'ps7_cortexa9_0' is selected.
16:02:43 INFO  : 'con' command is executed.
16:02:43 INFO  : ----------------XSDB Script (After Launch)----------------
targets -set -nocase -filter {name =~ "ARM*#0" && jtag_cable_name =~ "Digilent JTAG-HS2 210249854606A"} -index 0
con
----------------End of Script----------------

16:02:43 INFO  : Disconnected from the channel tcfchan#4.
16:09:32 INFO  : Connected to target on host '127.0.0.1' and port '3121'.
16:09:33 INFO  : 'targets -set -filter {jtag_cable_name =~ "Digilent JTAG-HS2 210249854606A" && level==0} -index 1' command is executed.
16:09:36 INFO  : FPGA configured successfully with bitstream "C:/Users/Lab214/Desktop/conv64_64_repeatMK2/project_1/project_1.sdk/design_1_wrapper_hw_platform_0/design_1_wrapper.bit"
16:09:44 INFO  : 'targets -set -filter {jtag_cable_name =~ "Digilent JTAG-HS2 210249854606A" && level==0} -index 1' command is executed.
16:09:44 INFO  : 'fpga -state' command is executed.
16:09:44 INFO  : Connected to target on host '127.0.0.1' and port '3121'.
16:09:44 INFO  : Jtag cable 'Digilent JTAG-HS2 210249854606A' is selected.
16:09:44 INFO  : 'jtag frequency' command is executed.
16:09:44 INFO  : Sourcing of 'C:/Users/Lab214/Desktop/conv64_64_repeatMK2/project_1/project_1.sdk/design_1_wrapper_hw_platform_0/ps7_init.tcl' is done.
16:09:44 INFO  : Context for 'APU' is selected.
16:09:44 INFO  : Hardware design information is loaded from 'C:/Users/Lab214/Desktop/conv64_64_repeatMK2/project_1/project_1.sdk/design_1_wrapper_hw_platform_0/system.hdf'.
16:09:44 INFO  : 'configparams force-mem-access 1' command is executed.
16:09:44 INFO  : Context for 'APU' is selected.
16:09:44 INFO  : 'stop' command is executed.
16:09:44 INFO  : 'ps7_init' command is executed.
16:09:44 INFO  : 'ps7_post_config' command is executed.
16:09:44 INFO  : Context for processor 'ps7_cortexa9_0' is selected.
16:09:44 INFO  : Processor reset is completed for 'ps7_cortexa9_0'.
16:09:44 INFO  : Context for processor 'ps7_cortexa9_0' is selected.
16:09:45 INFO  : The application 'C:/Users/Lab214/Desktop/conv64_64_repeatMK2/project_1/project_1.sdk/20251212/Debug/20251212.elf' is downloaded to processor 'ps7_cortexa9_0'.
16:09:45 INFO  : 'configparams force-mem-access 0' command is executed.
16:09:45 INFO  : ----------------XSDB Script----------------
connect -url tcp:127.0.0.1:3121
source C:/Users/Lab214/Desktop/conv64_64_repeatMK2/project_1/project_1.sdk/design_1_wrapper_hw_platform_0/ps7_init.tcl
targets -set -nocase -filter {name =~"APU*" && jtag_cable_name =~ "Digilent JTAG-HS2 210249854606A"} -index 0
loadhw -hw C:/Users/Lab214/Desktop/conv64_64_repeatMK2/project_1/project_1.sdk/design_1_wrapper_hw_platform_0/system.hdf -mem-ranges [list {0x40000000 0xbfffffff}]
configparams force-mem-access 1
targets -set -nocase -filter {name =~"APU*" && jtag_cable_name =~ "Digilent JTAG-HS2 210249854606A"} -index 0
stop
ps7_init
ps7_post_config
targets -set -nocase -filter {name =~ "ARM*#0" && jtag_cable_name =~ "Digilent JTAG-HS2 210249854606A"} -index 0
rst -processor
targets -set -nocase -filter {name =~ "ARM*#0" && jtag_cable_name =~ "Digilent JTAG-HS2 210249854606A"} -index 0
dow C:/Users/Lab214/Desktop/conv64_64_repeatMK2/project_1/project_1.sdk/20251212/Debug/20251212.elf
configparams force-mem-access 0
----------------End of Script----------------

16:09:45 INFO  : Context for processor 'ps7_cortexa9_0' is selected.
16:09:45 INFO  : 'con' command is executed.
16:09:45 INFO  : ----------------XSDB Script (After Launch)----------------
targets -set -nocase -filter {name =~ "ARM*#0" && jtag_cable_name =~ "Digilent JTAG-HS2 210249854606A"} -index 0
con
----------------End of Script----------------

16:09:45 INFO  : Disconnected from the channel tcfchan#5.
01:57:15 INFO  : Registering command handlers for SDK TCF services
01:57:16 INFO  : Launching XSCT server: xsct.bat -interactive C:\conv-64_repeat\project_1\project_1.sdk\temp_xsdb_launch_script.tcl
01:57:21 INFO  : XSCT server has started successfully.
01:57:29 INFO  : Successfully done setting XSCT server connection channel  
01:57:29 INFO  : Successfully done setting SDK workspace  
01:57:29 INFO  : Processing command line option -hwspec C:/conv-64_repeat/project_1/project_1.sdk/design_1_wrapper.hdf.
01:59:43 INFO  : 'targets -set -filter {jtag_cable_name =~ "Digilent JTAG-HS2 210249854606A" && level==0} -index 1' command is executed.
01:59:43 INFO  : 'fpga -state' command is executed.
01:59:59 INFO  : Connected to target on host '127.0.0.1' and port '3121'.
01:59:59 INFO  : 'targets -set -filter {jtag_cable_name =~ "Digilent JTAG-HS2 210249854606A" && level==0} -index 1' command is executed.
02:00:02 INFO  : FPGA configured successfully with bitstream "C:/conv-64_repeat/project_1/project_1.sdk/design_1_wrapper_hw_platform_0/design_1_wrapper.bit"
02:00:13 INFO  : 'targets -set -filter {jtag_cable_name =~ "Digilent JTAG-HS2 210249854606A" && level==0} -index 1' command is executed.
02:00:13 INFO  : 'fpga -state' command is executed.
02:00:13 INFO  : Connected to target on host '127.0.0.1' and port '3121'.
02:00:13 INFO  : Jtag cable 'Digilent JTAG-HS2 210249854606A' is selected.
02:00:13 INFO  : 'jtag frequency' command is executed.
02:00:13 INFO  : Sourcing of 'C:/conv-64_repeat/project_1/project_1.sdk/design_1_wrapper_hw_platform_0/ps7_init.tcl' is done.
02:00:13 INFO  : Context for 'APU' is selected.
02:00:13 INFO  : Hardware design information is loaded from 'C:/conv-64_repeat/project_1/project_1.sdk/design_1_wrapper_hw_platform_0/system.hdf'.
02:00:13 INFO  : 'configparams force-mem-access 1' command is executed.
02:00:13 INFO  : Context for 'APU' is selected.
02:00:13 INFO  : 'stop' command is executed.
02:00:13 INFO  : 'ps7_init' command is executed.
02:00:13 INFO  : 'ps7_post_config' command is executed.
02:00:13 INFO  : Context for processor 'ps7_cortexa9_0' is selected.
02:00:13 INFO  : Processor reset is completed for 'ps7_cortexa9_0'.
02:00:13 INFO  : Context for processor 'ps7_cortexa9_0' is selected.
02:00:13 INFO  : The application 'C:/conv-64_repeat/project_1/project_1.sdk/20251212/Debug/20251212.elf' is downloaded to processor 'ps7_cortexa9_0'.
02:00:13 INFO  : 'configparams force-mem-access 0' command is executed.
02:00:13 INFO  : ----------------XSDB Script----------------
connect -url tcp:127.0.0.1:3121
source C:/conv-64_repeat/project_1/project_1.sdk/design_1_wrapper_hw_platform_0/ps7_init.tcl
targets -set -nocase -filter {name =~"APU*" && jtag_cable_name =~ "Digilent JTAG-HS2 210249854606A"} -index 0
loadhw -hw C:/conv-64_repeat/project_1/project_1.sdk/design_1_wrapper_hw_platform_0/system.hdf -mem-ranges [list {0x40000000 0xbfffffff}]
configparams force-mem-access 1
targets -set -nocase -filter {name =~"APU*" && jtag_cable_name =~ "Digilent JTAG-HS2 210249854606A"} -index 0
stop
ps7_init
ps7_post_config
targets -set -nocase -filter {name =~ "ARM*#0" && jtag_cable_name =~ "Digilent JTAG-HS2 210249854606A"} -index 0
rst -processor
targets -set -nocase -filter {name =~ "ARM*#0" && jtag_cable_name =~ "Digilent JTAG-HS2 210249854606A"} -index 0
dow C:/conv-64_repeat/project_1/project_1.sdk/20251212/Debug/20251212.elf
configparams force-mem-access 0
----------------End of Script----------------

02:00:13 INFO  : Context for processor 'ps7_cortexa9_0' is selected.
02:00:13 INFO  : 'con' command is executed.
02:00:13 INFO  : ----------------XSDB Script (After Launch)----------------
targets -set -nocase -filter {name =~ "ARM*#0" && jtag_cable_name =~ "Digilent JTAG-HS2 210249854606A"} -index 0
con
----------------End of Script----------------

02:00:13 INFO  : Disconnected from the channel tcfchan#1.
14:55:52 INFO  : Registering command handlers for SDK TCF services
14:55:52 INFO  : Launching XSCT server: xsct.bat -interactive C:\conv-64_repeat\project_1\project_1.sdk\temp_xsdb_launch_script.tcl
14:55:56 INFO  : XSCT server has started successfully.
14:56:01 INFO  : Successfully done setting XSCT server connection channel  
14:56:01 INFO  : Successfully done setting SDK workspace  
14:56:01 INFO  : Processing command line option -hwspec C:/conv-64_repeat/project_1/project_1.sdk/design_1_wrapper.hdf.
14:56:01 INFO  : Checking for hwspec changes in the project design_1_wrapper_hw_platform_1.
15:48:07 INFO  : Connected to target on host '127.0.0.1' and port '3121'.
15:48:08 INFO  : 'targets -set -filter {jtag_cable_name =~ "Digilent JTAG-HS2 210249854606A" && level==0} -index 1' command is executed.
15:48:12 INFO  : FPGA configured successfully with bitstream "C:/conv-64_repeat/project_1/project_1.sdk/design_1_wrapper_hw_platform_0/design_1_wrapper.bit"
15:48:22 INFO  : 'targets -set -filter {jtag_cable_name =~ "Digilent JTAG-HS2 210249854606A" && level==0} -index 1' command is executed.
15:48:22 INFO  : 'fpga -state' command is executed.
15:48:22 INFO  : Connected to target on host '127.0.0.1' and port '3121'.
15:48:22 INFO  : Jtag cable 'Digilent JTAG-HS2 210249854606A' is selected.
15:48:22 INFO  : 'jtag frequency' command is executed.
15:48:22 INFO  : Sourcing of 'C:/conv-64_repeat/project_1/project_1.sdk/design_1_wrapper_hw_platform_0/ps7_init.tcl' is done.
15:48:22 INFO  : Context for 'APU' is selected.
15:48:22 INFO  : Hardware design information is loaded from 'C:/conv-64_repeat/project_1/project_1.sdk/design_1_wrapper_hw_platform_0/system.hdf'.
15:48:22 INFO  : 'configparams force-mem-access 1' command is executed.
15:48:22 INFO  : Context for 'APU' is selected.
15:48:22 INFO  : 'stop' command is executed.
15:48:22 INFO  : 'ps7_init' command is executed.
15:48:22 INFO  : 'ps7_post_config' command is executed.
15:48:22 INFO  : Context for processor 'ps7_cortexa9_0' is selected.
15:48:22 INFO  : Processor reset is completed for 'ps7_cortexa9_0'.
15:48:22 INFO  : Context for processor 'ps7_cortexa9_0' is selected.
15:48:27 INFO  : The application 'C:/conv-64_repeat/project_1/project_1.sdk/20251212/Debug/20251212.elf' is downloaded to processor 'ps7_cortexa9_0'.
15:48:27 INFO  : 'configparams force-mem-access 0' command is executed.
15:48:27 INFO  : ----------------XSDB Script----------------
connect -url tcp:127.0.0.1:3121
source C:/conv-64_repeat/project_1/project_1.sdk/design_1_wrapper_hw_platform_0/ps7_init.tcl
targets -set -nocase -filter {name =~"APU*" && jtag_cable_name =~ "Digilent JTAG-HS2 210249854606A"} -index 0
loadhw -hw C:/conv-64_repeat/project_1/project_1.sdk/design_1_wrapper_hw_platform_0/system.hdf -mem-ranges [list {0x40000000 0xbfffffff}]
configparams force-mem-access 1
targets -set -nocase -filter {name =~"APU*" && jtag_cable_name =~ "Digilent JTAG-HS2 210249854606A"} -index 0
stop
ps7_init
ps7_post_config
targets -set -nocase -filter {name =~ "ARM*#0" && jtag_cable_name =~ "Digilent JTAG-HS2 210249854606A"} -index 0
rst -processor
targets -set -nocase -filter {name =~ "ARM*#0" && jtag_cable_name =~ "Digilent JTAG-HS2 210249854606A"} -index 0
dow C:/conv-64_repeat/project_1/project_1.sdk/20251212/Debug/20251212.elf
configparams force-mem-access 0
----------------End of Script----------------

15:48:27 INFO  : Context for processor 'ps7_cortexa9_0' is selected.
15:48:27 INFO  : 'con' command is executed.
15:48:27 INFO  : ----------------XSDB Script (After Launch)----------------
targets -set -nocase -filter {name =~ "ARM*#0" && jtag_cable_name =~ "Digilent JTAG-HS2 210249854606A"} -index 0
con
----------------End of Script----------------

15:48:27 INFO  : Disconnected from the channel tcfchan#1.
00:04:33 INFO  : Registering command handlers for SDK TCF services
00:04:35 INFO  : Launching XSCT server: xsct.bat -interactive C:\conv-64_repeat\project_1\project_1.sdk\temp_xsdb_launch_script.tcl
00:04:38 INFO  : XSCT server has started successfully.
00:04:38 INFO  : Successfully done setting XSCT server connection channel  
00:04:45 INFO  : Successfully done setting SDK workspace  
00:04:45 INFO  : Processing command line option -hwspec C:/conv-64_repeat/project_1/project_1.sdk/design_1_wrapper.hdf.
00:04:45 INFO  : Checking for hwspec changes in the project design_1_wrapper_hw_platform_1.
00:20:11 INFO  : Connected to target on host '127.0.0.1' and port '3121'.
00:20:11 INFO  : 'targets -set -filter {jtag_cable_name =~ "Digilent JTAG-HS2 210249854606A" && level==0} -index 1' command is executed.
00:20:15 INFO  : FPGA configured successfully with bitstream "C:/conv-64_repeat/project_1/project_1.sdk/design_1_wrapper_hw_platform_0/design_1_wrapper.bit"
00:20:32 INFO  : 'targets -set -filter {jtag_cable_name =~ "Digilent JTAG-HS2 210249854606A" && level==0} -index 1' command is executed.
00:20:32 INFO  : 'fpga -state' command is executed.
00:20:32 INFO  : Connected to target on host '127.0.0.1' and port '3121'.
00:20:32 INFO  : Jtag cable 'Digilent JTAG-HS2 210249854606A' is selected.
00:20:32 INFO  : 'jtag frequency' command is executed.
00:20:32 INFO  : Sourcing of 'C:/conv-64_repeat/project_1/project_1.sdk/design_1_wrapper_hw_platform_0/ps7_init.tcl' is done.
00:20:32 INFO  : Context for 'APU' is selected.
00:20:32 INFO  : Hardware design information is loaded from 'C:/conv-64_repeat/project_1/project_1.sdk/design_1_wrapper_hw_platform_0/system.hdf'.
00:20:32 INFO  : 'configparams force-mem-access 1' command is executed.
00:20:32 INFO  : Context for 'APU' is selected.
00:20:32 INFO  : 'stop' command is executed.
00:20:33 INFO  : 'ps7_init' command is executed.
00:20:33 INFO  : 'ps7_post_config' command is executed.
00:20:33 INFO  : Context for processor 'ps7_cortexa9_0' is selected.
00:20:33 INFO  : Processor reset is completed for 'ps7_cortexa9_0'.
00:20:33 INFO  : Context for processor 'ps7_cortexa9_0' is selected.
00:20:37 INFO  : The application 'C:/conv-64_repeat/project_1/project_1.sdk/20251212/Debug/20251212.elf' is downloaded to processor 'ps7_cortexa9_0'.
00:20:37 INFO  : 'configparams force-mem-access 0' command is executed.
00:20:37 INFO  : ----------------XSDB Script----------------
connect -url tcp:127.0.0.1:3121
source C:/conv-64_repeat/project_1/project_1.sdk/design_1_wrapper_hw_platform_0/ps7_init.tcl
targets -set -nocase -filter {name =~"APU*" && jtag_cable_name =~ "Digilent JTAG-HS2 210249854606A"} -index 0
loadhw -hw C:/conv-64_repeat/project_1/project_1.sdk/design_1_wrapper_hw_platform_0/system.hdf -mem-ranges [list {0x40000000 0xbfffffff}]
configparams force-mem-access 1
targets -set -nocase -filter {name =~"APU*" && jtag_cable_name =~ "Digilent JTAG-HS2 210249854606A"} -index 0
stop
ps7_init
ps7_post_config
targets -set -nocase -filter {name =~ "ARM*#0" && jtag_cable_name =~ "Digilent JTAG-HS2 210249854606A"} -index 0
rst -processor
targets -set -nocase -filter {name =~ "ARM*#0" && jtag_cable_name =~ "Digilent JTAG-HS2 210249854606A"} -index 0
dow C:/conv-64_repeat/project_1/project_1.sdk/20251212/Debug/20251212.elf
configparams force-mem-access 0
----------------End of Script----------------

00:20:37 INFO  : Context for processor 'ps7_cortexa9_0' is selected.
00:20:37 INFO  : 'con' command is executed.
00:20:37 INFO  : ----------------XSDB Script (After Launch)----------------
targets -set -nocase -filter {name =~ "ARM*#0" && jtag_cable_name =~ "Digilent JTAG-HS2 210249854606A"} -index 0
con
----------------End of Script----------------

00:20:37 INFO  : Disconnected from the channel tcfchan#1.
00:22:38 INFO  : Connected to target on host '127.0.0.1' and port '3121'.
00:22:38 INFO  : 'targets -set -filter {jtag_cable_name =~ "Digilent JTAG-HS2 210249854606A" && level==0} -index 1' command is executed.
00:22:41 INFO  : FPGA configured successfully with bitstream "C:/conv-64_repeat/project_1/project_1.sdk/design_1_wrapper_hw_platform_0/design_1_wrapper.bit"
00:22:57 INFO  : 'targets -set -filter {jtag_cable_name =~ "Digilent JTAG-HS2 210249854606A" && level==0} -index 1' command is executed.
00:22:57 INFO  : 'fpga -state' command is executed.
00:22:57 INFO  : Connected to target on host '127.0.0.1' and port '3121'.
00:22:57 INFO  : Jtag cable 'Digilent JTAG-HS2 210249854606A' is selected.
00:22:57 INFO  : 'jtag frequency' command is executed.
00:22:57 INFO  : Sourcing of 'C:/conv-64_repeat/project_1/project_1.sdk/design_1_wrapper_hw_platform_0/ps7_init.tcl' is done.
00:22:57 INFO  : Context for 'APU' is selected.
00:22:57 INFO  : Hardware design information is loaded from 'C:/conv-64_repeat/project_1/project_1.sdk/design_1_wrapper_hw_platform_0/system.hdf'.
00:22:57 INFO  : 'configparams force-mem-access 1' command is executed.
00:22:57 INFO  : Context for 'APU' is selected.
00:22:57 INFO  : 'stop' command is executed.
00:22:58 INFO  : 'ps7_init' command is executed.
00:22:58 INFO  : 'ps7_post_config' command is executed.
00:22:58 INFO  : Context for processor 'ps7_cortexa9_0' is selected.
00:22:58 INFO  : Processor reset is completed for 'ps7_cortexa9_0'.
00:22:58 INFO  : Context for processor 'ps7_cortexa9_0' is selected.
00:23:02 INFO  : The application 'C:/conv-64_repeat/project_1/project_1.sdk/20251212/Debug/20251212.elf' is downloaded to processor 'ps7_cortexa9_0'.
00:23:02 INFO  : 'configparams force-mem-access 0' command is executed.
00:23:02 INFO  : ----------------XSDB Script----------------
connect -url tcp:127.0.0.1:3121
source C:/conv-64_repeat/project_1/project_1.sdk/design_1_wrapper_hw_platform_0/ps7_init.tcl
targets -set -nocase -filter {name =~"APU*" && jtag_cable_name =~ "Digilent JTAG-HS2 210249854606A"} -index 0
loadhw -hw C:/conv-64_repeat/project_1/project_1.sdk/design_1_wrapper_hw_platform_0/system.hdf -mem-ranges [list {0x40000000 0xbfffffff}]
configparams force-mem-access 1
targets -set -nocase -filter {name =~"APU*" && jtag_cable_name =~ "Digilent JTAG-HS2 210249854606A"} -index 0
stop
ps7_init
ps7_post_config
targets -set -nocase -filter {name =~ "ARM*#0" && jtag_cable_name =~ "Digilent JTAG-HS2 210249854606A"} -index 0
rst -processor
targets -set -nocase -filter {name =~ "ARM*#0" && jtag_cable_name =~ "Digilent JTAG-HS2 210249854606A"} -index 0
dow C:/conv-64_repeat/project_1/project_1.sdk/20251212/Debug/20251212.elf
configparams force-mem-access 0
----------------End of Script----------------

00:23:02 INFO  : Context for processor 'ps7_cortexa9_0' is selected.
00:23:02 INFO  : 'con' command is executed.
00:23:02 INFO  : ----------------XSDB Script (After Launch)----------------
targets -set -nocase -filter {name =~ "ARM*#0" && jtag_cable_name =~ "Digilent JTAG-HS2 210249854606A"} -index 0
con
----------------End of Script----------------

00:23:02 INFO  : Disconnected from the channel tcfchan#2.
00:28:20 INFO  : Connected to target on host '127.0.0.1' and port '3121'.
00:28:21 INFO  : 'targets -set -filter {jtag_cable_name =~ "Digilent JTAG-HS2 210249854606A" && level==0} -index 1' command is executed.
00:28:24 INFO  : FPGA configured successfully with bitstream "C:/conv-64_repeat/project_1/project_1.sdk/design_1_wrapper_hw_platform_0/design_1_wrapper.bit"
00:28:34 INFO  : 'targets -set -filter {jtag_cable_name =~ "Digilent JTAG-HS2 210249854606A" && level==0} -index 1' command is executed.
00:28:34 INFO  : 'fpga -state' command is executed.
00:28:34 INFO  : Connected to target on host '127.0.0.1' and port '3121'.
00:28:34 INFO  : Jtag cable 'Digilent JTAG-HS2 210249854606A' is selected.
00:28:34 INFO  : 'jtag frequency' command is executed.
00:28:34 INFO  : Sourcing of 'C:/conv-64_repeat/project_1/project_1.sdk/design_1_wrapper_hw_platform_0/ps7_init.tcl' is done.
00:28:34 INFO  : Context for 'APU' is selected.
00:28:34 INFO  : Hardware design information is loaded from 'C:/conv-64_repeat/project_1/project_1.sdk/design_1_wrapper_hw_platform_0/system.hdf'.
00:28:34 INFO  : 'configparams force-mem-access 1' command is executed.
00:28:34 INFO  : Context for 'APU' is selected.
00:28:34 INFO  : 'stop' command is executed.
00:28:35 INFO  : 'ps7_init' command is executed.
00:28:35 INFO  : 'ps7_post_config' command is executed.
00:28:35 INFO  : Context for processor 'ps7_cortexa9_0' is selected.
00:28:35 INFO  : Processor reset is completed for 'ps7_cortexa9_0'.
00:28:35 INFO  : Context for processor 'ps7_cortexa9_0' is selected.
00:28:39 INFO  : The application 'C:/conv-64_repeat/project_1/project_1.sdk/20251212/Debug/20251212.elf' is downloaded to processor 'ps7_cortexa9_0'.
00:28:39 INFO  : 'configparams force-mem-access 0' command is executed.
00:28:39 INFO  : ----------------XSDB Script----------------
connect -url tcp:127.0.0.1:3121
source C:/conv-64_repeat/project_1/project_1.sdk/design_1_wrapper_hw_platform_0/ps7_init.tcl
targets -set -nocase -filter {name =~"APU*" && jtag_cable_name =~ "Digilent JTAG-HS2 210249854606A"} -index 0
loadhw -hw C:/conv-64_repeat/project_1/project_1.sdk/design_1_wrapper_hw_platform_0/system.hdf -mem-ranges [list {0x40000000 0xbfffffff}]
configparams force-mem-access 1
targets -set -nocase -filter {name =~"APU*" && jtag_cable_name =~ "Digilent JTAG-HS2 210249854606A"} -index 0
stop
ps7_init
ps7_post_config
targets -set -nocase -filter {name =~ "ARM*#0" && jtag_cable_name =~ "Digilent JTAG-HS2 210249854606A"} -index 0
rst -processor
targets -set -nocase -filter {name =~ "ARM*#0" && jtag_cable_name =~ "Digilent JTAG-HS2 210249854606A"} -index 0
dow C:/conv-64_repeat/project_1/project_1.sdk/20251212/Debug/20251212.elf
configparams force-mem-access 0
----------------End of Script----------------

00:28:39 INFO  : Context for processor 'ps7_cortexa9_0' is selected.
00:28:39 INFO  : 'con' command is executed.
00:28:39 INFO  : ----------------XSDB Script (After Launch)----------------
targets -set -nocase -filter {name =~ "ARM*#0" && jtag_cable_name =~ "Digilent JTAG-HS2 210249854606A"} -index 0
con
----------------End of Script----------------

00:28:39 INFO  : Disconnected from the channel tcfchan#3.
00:37:02 INFO  : Connected to target on host '127.0.0.1' and port '3121'.
00:37:02 INFO  : 'targets -set -filter {jtag_cable_name =~ "Digilent JTAG-HS2 210249854606A" && level==0} -index 1' command is executed.
00:37:06 INFO  : FPGA configured successfully with bitstream "C:/conv-64_repeat/project_1/project_1.sdk/design_1_wrapper_hw_platform_0/design_1_wrapper.bit"
00:37:16 INFO  : 'targets -set -filter {jtag_cable_name =~ "Digilent JTAG-HS2 210249854606A" && level==0} -index 1' command is executed.
00:37:16 INFO  : 'fpga -state' command is executed.
00:37:16 INFO  : Connected to target on host '127.0.0.1' and port '3121'.
00:37:17 INFO  : Jtag cable 'Digilent JTAG-HS2 210249854606A' is selected.
00:37:17 INFO  : 'jtag frequency' command is executed.
00:37:17 INFO  : Sourcing of 'C:/conv-64_repeat/project_1/project_1.sdk/design_1_wrapper_hw_platform_0/ps7_init.tcl' is done.
00:37:17 INFO  : Context for 'APU' is selected.
00:37:17 INFO  : Hardware design information is loaded from 'C:/conv-64_repeat/project_1/project_1.sdk/design_1_wrapper_hw_platform_0/system.hdf'.
00:37:17 INFO  : 'configparams force-mem-access 1' command is executed.
00:37:17 INFO  : Context for 'APU' is selected.
00:37:17 INFO  : 'stop' command is executed.
00:37:17 INFO  : 'ps7_init' command is executed.
00:37:17 INFO  : 'ps7_post_config' command is executed.
00:37:17 INFO  : Context for processor 'ps7_cortexa9_0' is selected.
00:37:17 INFO  : Processor reset is completed for 'ps7_cortexa9_0'.
00:37:17 INFO  : Context for processor 'ps7_cortexa9_0' is selected.
00:37:22 INFO  : The application 'C:/conv-64_repeat/project_1/project_1.sdk/20251212/Debug/20251212.elf' is downloaded to processor 'ps7_cortexa9_0'.
00:37:22 INFO  : 'configparams force-mem-access 0' command is executed.
00:37:22 INFO  : ----------------XSDB Script----------------
connect -url tcp:127.0.0.1:3121
source C:/conv-64_repeat/project_1/project_1.sdk/design_1_wrapper_hw_platform_0/ps7_init.tcl
targets -set -nocase -filter {name =~"APU*" && jtag_cable_name =~ "Digilent JTAG-HS2 210249854606A"} -index 0
loadhw -hw C:/conv-64_repeat/project_1/project_1.sdk/design_1_wrapper_hw_platform_0/system.hdf -mem-ranges [list {0x40000000 0xbfffffff}]
configparams force-mem-access 1
targets -set -nocase -filter {name =~"APU*" && jtag_cable_name =~ "Digilent JTAG-HS2 210249854606A"} -index 0
stop
ps7_init
ps7_post_config
targets -set -nocase -filter {name =~ "ARM*#0" && jtag_cable_name =~ "Digilent JTAG-HS2 210249854606A"} -index 0
rst -processor
targets -set -nocase -filter {name =~ "ARM*#0" && jtag_cable_name =~ "Digilent JTAG-HS2 210249854606A"} -index 0
dow C:/conv-64_repeat/project_1/project_1.sdk/20251212/Debug/20251212.elf
configparams force-mem-access 0
----------------End of Script----------------

00:37:22 INFO  : Context for processor 'ps7_cortexa9_0' is selected.
00:37:22 INFO  : 'con' command is executed.
00:37:22 INFO  : ----------------XSDB Script (After Launch)----------------
targets -set -nocase -filter {name =~ "ARM*#0" && jtag_cable_name =~ "Digilent JTAG-HS2 210249854606A"} -index 0
con
----------------End of Script----------------

00:37:22 INFO  : Disconnected from the channel tcfchan#4.
10:43:03 INFO  : Registering command handlers for SDK TCF services
10:43:03 INFO  : Launching XSCT server: xsct.bat -interactive C:\conv-64_repeat\project_1\project_1.sdk\temp_xsdb_launch_script.tcl
10:43:06 INFO  : XSCT server has started successfully.
10:43:12 INFO  : Successfully done setting XSCT server connection channel  
10:43:12 INFO  : Successfully done setting SDK workspace  
10:43:12 INFO  : Processing command line option -hwspec C:/conv-64_repeat/project_1/project_1.sdk/design_1_wrapper.hdf.
10:43:12 INFO  : Checking for hwspec changes in the project design_1_wrapper_hw_platform_1.
14:52:27 INFO  : Registering command handlers for SDK TCF services
14:52:28 INFO  : Launching XSCT server: xsct.bat -interactive C:\conv-64_repeat\project_1\project_1.sdk\temp_xsdb_launch_script.tcl
14:52:31 INFO  : XSCT server has started successfully.
14:52:39 INFO  : Successfully done setting XSCT server connection channel  
14:52:39 INFO  : Successfully done setting SDK workspace  
14:52:39 INFO  : Processing command line option -hwspec C:/conv-64_repeat/project_1/project_1.sdk/design_1_wrapper.hdf.
14:52:39 INFO  : Checking for hwspec changes in the project design_1_wrapper_hw_platform_1.
15:24:51 INFO  : Connected to target on host '127.0.0.1' and port '3121'.
15:25:31 INFO  : Connected to target on host '127.0.0.1' and port '3121'.
15:26:27 INFO  : Registering command handlers for SDK TCF services
15:26:27 INFO  : Launching XSCT server: xsct.bat -interactive C:\conv-64_repeat\project_1\project_1.sdk\temp_xsdb_launch_script.tcl
15:26:28 INFO  : XSCT server has started successfully.
15:26:28 INFO  : Successfully done setting XSCT server connection channel  
15:26:28 INFO  : Successfully done setting SDK workspace  
15:26:28 INFO  : Processing command line option -hwspec C:/conv-64_repeat/project_1/project_1.sdk/design_1_wrapper.hdf.
15:26:28 INFO  : Checking for hwspec changes in the project design_1_wrapper_hw_platform_1.
15:27:28 INFO  : Connected to target on host '127.0.0.1' and port '3121'.
15:27:28 INFO  : 'targets -set -filter {jtag_cable_name =~ "Digilent JTAG-HS2 210249854606A" && level==0} -index 1' command is executed.
15:27:32 INFO  : FPGA configured successfully with bitstream "C:/conv-64_repeat/project_1/project_1.sdk/design_1_wrapper_hw_platform_0/design_1_wrapper.bit"
15:27:43 INFO  : 'targets -set -filter {jtag_cable_name =~ "Digilent JTAG-HS2 210249854606A" && level==0} -index 1' command is executed.
15:27:43 INFO  : 'fpga -state' command is executed.
15:27:43 INFO  : Connected to target on host '127.0.0.1' and port '3121'.
15:27:43 INFO  : Jtag cable 'Digilent JTAG-HS2 210249854606A' is selected.
15:27:43 INFO  : 'jtag frequency' command is executed.
15:27:43 INFO  : Sourcing of 'C:/conv-64_repeat/project_1/project_1.sdk/design_1_wrapper_hw_platform_0/ps7_init.tcl' is done.
15:27:43 INFO  : Context for 'APU' is selected.
15:27:43 INFO  : Hardware design information is loaded from 'C:/conv-64_repeat/project_1/project_1.sdk/design_1_wrapper_hw_platform_0/system.hdf'.
15:27:43 INFO  : 'configparams force-mem-access 1' command is executed.
15:27:43 INFO  : Context for 'APU' is selected.
15:27:43 INFO  : 'stop' command is executed.
15:27:44 INFO  : 'ps7_init' command is executed.
15:27:44 INFO  : 'ps7_post_config' command is executed.
15:27:44 INFO  : Context for processor 'ps7_cortexa9_0' is selected.
15:27:44 INFO  : Processor reset is completed for 'ps7_cortexa9_0'.
15:27:44 INFO  : Context for processor 'ps7_cortexa9_0' is selected.
15:27:48 INFO  : The application 'C:/conv-64_repeat/project_1/project_1.sdk/20251212/Debug/20251212.elf' is downloaded to processor 'ps7_cortexa9_0'.
15:27:48 INFO  : 'configparams force-mem-access 0' command is executed.
15:27:48 INFO  : ----------------XSDB Script----------------
connect -url tcp:127.0.0.1:3121
source C:/conv-64_repeat/project_1/project_1.sdk/design_1_wrapper_hw_platform_0/ps7_init.tcl
targets -set -nocase -filter {name =~"APU*" && jtag_cable_name =~ "Digilent JTAG-HS2 210249854606A"} -index 0
loadhw -hw C:/conv-64_repeat/project_1/project_1.sdk/design_1_wrapper_hw_platform_0/system.hdf -mem-ranges [list {0x40000000 0xbfffffff}]
configparams force-mem-access 1
targets -set -nocase -filter {name =~"APU*" && jtag_cable_name =~ "Digilent JTAG-HS2 210249854606A"} -index 0
stop
ps7_init
ps7_post_config
targets -set -nocase -filter {name =~ "ARM*#0" && jtag_cable_name =~ "Digilent JTAG-HS2 210249854606A"} -index 0
rst -processor
targets -set -nocase -filter {name =~ "ARM*#0" && jtag_cable_name =~ "Digilent JTAG-HS2 210249854606A"} -index 0
dow C:/conv-64_repeat/project_1/project_1.sdk/20251212/Debug/20251212.elf
configparams force-mem-access 0
----------------End of Script----------------

15:27:48 INFO  : Context for processor 'ps7_cortexa9_0' is selected.
15:27:48 INFO  : 'con' command is executed.
15:27:48 INFO  : ----------------XSDB Script (After Launch)----------------
targets -set -nocase -filter {name =~ "ARM*#0" && jtag_cable_name =~ "Digilent JTAG-HS2 210249854606A"} -index 0
con
----------------End of Script----------------

15:27:48 INFO  : Disconnected from the channel tcfchan#1.
15:35:02 INFO  : Connected to target on host '127.0.0.1' and port '3121'.
15:35:02 INFO  : 'targets -set -filter {jtag_cable_name =~ "Digilent JTAG-HS2 210249854606A" && level==0} -index 1' command is executed.
15:35:05 INFO  : FPGA configured successfully with bitstream "C:/conv-64_repeat/project_1/project_1.sdk/design_1_wrapper_hw_platform_0/design_1_wrapper.bit"
15:35:13 INFO  : 'targets -set -filter {jtag_cable_name =~ "Digilent JTAG-HS2 210249854606A" && level==0} -index 1' command is executed.
15:35:13 INFO  : 'fpga -state' command is executed.
15:35:13 INFO  : Connected to target on host '127.0.0.1' and port '3121'.
15:35:13 INFO  : Jtag cable 'Digilent JTAG-HS2 210249854606A' is selected.
15:35:13 INFO  : 'jtag frequency' command is executed.
15:35:13 INFO  : Sourcing of 'C:/conv-64_repeat/project_1/project_1.sdk/design_1_wrapper_hw_platform_0/ps7_init.tcl' is done.
15:35:13 INFO  : Context for 'APU' is selected.
15:35:13 INFO  : Hardware design information is loaded from 'C:/conv-64_repeat/project_1/project_1.sdk/design_1_wrapper_hw_platform_0/system.hdf'.
15:35:13 INFO  : 'configparams force-mem-access 1' command is executed.
15:35:13 INFO  : Context for 'APU' is selected.
15:35:13 INFO  : 'stop' command is executed.
15:35:13 INFO  : 'ps7_init' command is executed.
15:35:13 INFO  : 'ps7_post_config' command is executed.
15:35:13 INFO  : Context for processor 'ps7_cortexa9_0' is selected.
15:35:13 INFO  : Processor reset is completed for 'ps7_cortexa9_0'.
15:35:13 INFO  : Context for processor 'ps7_cortexa9_0' is selected.
15:35:18 INFO  : The application 'C:/conv-64_repeat/project_1/project_1.sdk/20251212/Debug/20251212.elf' is downloaded to processor 'ps7_cortexa9_0'.
15:35:18 INFO  : 'configparams force-mem-access 0' command is executed.
15:35:18 INFO  : ----------------XSDB Script----------------
connect -url tcp:127.0.0.1:3121
source C:/conv-64_repeat/project_1/project_1.sdk/design_1_wrapper_hw_platform_0/ps7_init.tcl
targets -set -nocase -filter {name =~"APU*" && jtag_cable_name =~ "Digilent JTAG-HS2 210249854606A"} -index 0
loadhw -hw C:/conv-64_repeat/project_1/project_1.sdk/design_1_wrapper_hw_platform_0/system.hdf -mem-ranges [list {0x40000000 0xbfffffff}]
configparams force-mem-access 1
targets -set -nocase -filter {name =~"APU*" && jtag_cable_name =~ "Digilent JTAG-HS2 210249854606A"} -index 0
stop
ps7_init
ps7_post_config
targets -set -nocase -filter {name =~ "ARM*#0" && jtag_cable_name =~ "Digilent JTAG-HS2 210249854606A"} -index 0
rst -processor
targets -set -nocase -filter {name =~ "ARM*#0" && jtag_cable_name =~ "Digilent JTAG-HS2 210249854606A"} -index 0
dow C:/conv-64_repeat/project_1/project_1.sdk/20251212/Debug/20251212.elf
configparams force-mem-access 0
----------------End of Script----------------

15:35:18 INFO  : Context for processor 'ps7_cortexa9_0' is selected.
15:35:18 INFO  : 'con' command is executed.
15:35:18 INFO  : ----------------XSDB Script (After Launch)----------------
targets -set -nocase -filter {name =~ "ARM*#0" && jtag_cable_name =~ "Digilent JTAG-HS2 210249854606A"} -index 0
con
----------------End of Script----------------

15:35:18 INFO  : Disconnected from the channel tcfchan#2.
15:47:35 INFO  : Connected to target on host '127.0.0.1' and port '3121'.
15:47:35 INFO  : 'targets -set -filter {jtag_cable_name =~ "Digilent JTAG-HS2 210249854606A" && level==0} -index 1' command is executed.
15:47:39 INFO  : FPGA configured successfully with bitstream "C:/conv-64_repeat/project_1/project_1.sdk/design_1_wrapper_hw_platform_0/design_1_wrapper.bit"
15:47:51 INFO  : 'targets -set -filter {jtag_cable_name =~ "Digilent JTAG-HS2 210249854606A" && level==0} -index 1' command is executed.
15:47:51 INFO  : 'fpga -state' command is executed.
15:47:51 INFO  : Connected to target on host '127.0.0.1' and port '3121'.
15:47:51 INFO  : Jtag cable 'Digilent JTAG-HS2 210249854606A' is selected.
15:47:51 INFO  : 'jtag frequency' command is executed.
15:47:51 INFO  : Sourcing of 'C:/conv-64_repeat/project_1/project_1.sdk/design_1_wrapper_hw_platform_0/ps7_init.tcl' is done.
15:47:51 INFO  : Context for 'APU' is selected.
15:47:51 INFO  : Hardware design information is loaded from 'C:/conv-64_repeat/project_1/project_1.sdk/design_1_wrapper_hw_platform_0/system.hdf'.
15:47:51 INFO  : 'configparams force-mem-access 1' command is executed.
15:47:51 INFO  : Context for 'APU' is selected.
15:47:51 INFO  : 'stop' command is executed.
15:47:52 INFO  : 'ps7_init' command is executed.
15:47:52 INFO  : 'ps7_post_config' command is executed.
15:47:52 INFO  : Context for processor 'ps7_cortexa9_0' is selected.
15:47:52 INFO  : Processor reset is completed for 'ps7_cortexa9_0'.
15:47:52 INFO  : Context for processor 'ps7_cortexa9_0' is selected.
15:47:56 INFO  : The application 'C:/conv-64_repeat/project_1/project_1.sdk/20251212/Debug/20251212.elf' is downloaded to processor 'ps7_cortexa9_0'.
15:47:56 INFO  : 'configparams force-mem-access 0' command is executed.
15:47:56 INFO  : ----------------XSDB Script----------------
connect -url tcp:127.0.0.1:3121
source C:/conv-64_repeat/project_1/project_1.sdk/design_1_wrapper_hw_platform_0/ps7_init.tcl
targets -set -nocase -filter {name =~"APU*" && jtag_cable_name =~ "Digilent JTAG-HS2 210249854606A"} -index 0
loadhw -hw C:/conv-64_repeat/project_1/project_1.sdk/design_1_wrapper_hw_platform_0/system.hdf -mem-ranges [list {0x40000000 0xbfffffff}]
configparams force-mem-access 1
targets -set -nocase -filter {name =~"APU*" && jtag_cable_name =~ "Digilent JTAG-HS2 210249854606A"} -index 0
stop
ps7_init
ps7_post_config
targets -set -nocase -filter {name =~ "ARM*#0" && jtag_cable_name =~ "Digilent JTAG-HS2 210249854606A"} -index 0
rst -processor
targets -set -nocase -filter {name =~ "ARM*#0" && jtag_cable_name =~ "Digilent JTAG-HS2 210249854606A"} -index 0
dow C:/conv-64_repeat/project_1/project_1.sdk/20251212/Debug/20251212.elf
configparams force-mem-access 0
----------------End of Script----------------

15:47:56 INFO  : Context for processor 'ps7_cortexa9_0' is selected.
15:47:56 INFO  : 'con' command is executed.
15:47:56 INFO  : ----------------XSDB Script (After Launch)----------------
targets -set -nocase -filter {name =~ "ARM*#0" && jtag_cable_name =~ "Digilent JTAG-HS2 210249854606A"} -index 0
con
----------------End of Script----------------

15:47:56 INFO  : Disconnected from the channel tcfchan#3.
